<?xml version="1.0" encoding="UTF-8"?>
<testsuite xmlns:xsi="http://www.w3.org/2001/XMLSchema-instance" xsi:noNamespaceSchemaLocation="https://maven.apache.org/surefire/maven-surefire-plugin/xsd/surefire-test-report-3.0.xsd" version="3.0" name="com.backend.FaceRecognition.FaceRecognitionApplicationTests" time="8.429" tests="1" errors="0" skipped="0" failures="0">
  <properties>
[...]
</properties>
  <testcase name="contextLoads" classname="com.backend.FaceRecognition.FaceRecognitionApplicationTests" time="0.593">
    <system-out><![CDATA[14:38:32.869 [main] INFO org.springframework.test.context.support.AnnotationConfigContextLoaderUtils -- Could not detect default configuration classes for test class [com.backend.FaceRecognition.FaceRecognitionApplicationTests]: FaceRecognitionApplicationTests does not declare any static, non-private, non-final, nested classes annotated with @Configuration.
14:38:32.969 [main] INFO org.springframework.boot.test.context.SpringBootTestContextBootstrapper -- Found @SpringBootConfiguration com.backend.FaceRecognition.FaceRecognitionApplication for test class com.backend.FaceRecognition.FaceRecognitionApplicationTests

  .   ____          _            __ _ _
 /\\ / ___'_ __ _ _(_)_ __  __ _ \ \ \ \
( ( )\___ | '_ | '_| | '_ \/ _` | \ \ \ \
 \\/  ___)| |_)| | | | | || (_| |  ) ) ) )
  '  |____| .__|_| |_|_| |_\__, | / / / /
 =========|_|==============|___/=/_/_/_/
 :: Spring Boot ::                (v3.2.0)

2024-10-07T14:38:33.291+01:00  INFO 45762 --- [           main] c.b.F.FaceRecognitionApplicationTests    : Starting FaceRecognitionApplicationTests using Java 21.0.4 with PID 45762 (started by omotola-david-ayanfeoluwa in /home/omotola-david-ayanfeoluwa/AttendanceManagementSystem/code/Main)
2024-10-07T14:38:33.292+01:00  INFO 45762 --- [           main] c.b.F.FaceRecognitionApplicationTests    : No active profile set, falling back to 1 default profile: "default"
2024-10-07T14:38:34.288+01:00  INFO 45762 --- [           main] .s.d.r.c.RepositoryConfigurationDelegate : Bootstrapping Spring Data JPA repositories in DEFAULT mode.
2024-10-07T14:38:34.372+01:00  INFO 45762 --- [           main] .s.d.r.c.RepositoryConfigurationDelegate : Finished Spring Data repository scanning in 76 ms. Found 11 JPA repository interfaces.
2024-10-07T14:38:35.258+01:00  INFO 45762 --- [           main] o.hibernate.jpa.internal.util.LogHelper  : HHH000204: Processing PersistenceUnitInfo [name: default]
2024-10-07T14:38:35.351+01:00  INFO 45762 --- [           main] org.hibernate.Version                    : HHH000412: Hibernate ORM core version 6.3.1.Final
2024-10-07T14:38:35.384+01:00  INFO 45762 --- [           main] o.h.c.internal.RegionFactoryInitiator    : HHH000026: Second-level cache disabled
2024-10-07T14:38:35.666+01:00  INFO 45762 --- [           main] o.s.o.j.p.SpringPersistenceUnitInfo      : No LoadTimeWeaver setup: ignoring JPA class transformer
2024-10-07T14:38:35.689+01:00  INFO 45762 --- [           main] com.zaxxer.hikari.HikariDataSource       : HikariPool-1 - Starting...
2024-10-07T14:38:36.045+01:00  INFO 45762 --- [           main] com.zaxxer.hikari.pool.HikariPool        : HikariPool-1 - Added connection org.postgresql.jdbc.PgConnection@2a6dbb7c
2024-10-07T14:38:36.047+01:00  INFO 45762 --- [           main] com.zaxxer.hikari.HikariDataSource       : HikariPool-1 - Start completed.
2024-10-07T14:38:36.085+01:00  WARN 45762 --- [           main] org.hibernate.orm.deprecation            : HHH90000025: PostgreSQLDialect does not need to be specified explicitly using 'hibernate.dialect' (remove the property setting and it will be selected by default)
2024-10-07T14:38:37.150+01:00  INFO 45762 --- [           main] o.h.e.t.j.p.i.JtaPlatformInitiator       : HHH000490: Using JTA platform [org.hibernate.engine.transaction.jta.platform.internal.JBossStandAloneJtaPlatform]
2024-10-07T14:38:37.306+01:00  INFO 45762 --- [           main] j.LocalContainerEntityManagerFactoryBean : Initialized JPA EntityManagerFactory for persistence unit 'default'
2024-10-07T14:38:38.327+01:00  INFO 45762 --- [           main] c.b.F.helper.InitializeBeans             : Initializing Face Recognition Endpoints...
2024-10-07T14:38:38.328+01:00  INFO 45762 --- [           main] c.b.F.helper.InitializeBeans             : Face Recognition Endpoints initialized.
2024-10-07T14:38:38.677+01:00  WARN 45762 --- [           main] JpaBaseConfiguration$JpaWebConfiguration : spring.jpa.open-in-view is enabled by default. Therefore, database queries may be performed during view rendering. Explicitly configure spring.jpa.open-in-view to disable this warning
2024-10-07T14:38:39.212+01:00  INFO 45762 --- [           main] o.s.b.a.e.web.EndpointLinksResolver      : Exposing 1 endpoint(s) beneath base path '/actuator'
2024-10-07T14:38:39.264+01:00  INFO 45762 --- [           main] o.s.s.web.DefaultSecurityFilterChain     : Will secure any request with [org.springframework.security.web.session.DisableEncodeUrlFilter@63cf6497, org.springframework.security.web.context.request.async.WebAsyncManagerIntegrationFilter@3c12f87d, org.springframework.security.web.context.SecurityContextHolderFilter@1435feb6, org.springframework.security.web.header.HeaderWriterFilter@35b8b69f, org.springframework.web.filter.CorsFilter@3207e6de, org.springframework.security.web.authentication.logout.LogoutFilter@7f129873, com.backend.FaceRecognition.security.JwtAuthFilter@49a0fe14, org.springframework.security.web.savedrequest.RequestCacheAwareFilter@5a349644, org.springframework.security.web.servletapi.SecurityContextHolderAwareRequestFilter@135ec43a, org.springframework.security.web.authentication.AnonymousAuthenticationFilter@637bf67c, org.springframework.security.web.session.SessionManagementFilter@66f15ce5, org.springframework.security.web.access.ExceptionTranslationFilter@4ba99bb7, org.springframework.security.web.access.intercept.AuthorizationFilter@6b0f50d8]
2024-10-07T14:38:39.737+01:00  INFO 45762 --- [           main] o.s.d.j.r.query.QueryEnhancerFactory     : Hibernate is in classpath; If applicable, HQL parser will be used.
2024-10-07T14:38:40.296+01:00  INFO 45762 --- [           main] c.b.F.FaceRecognitionApplicationTests    : Started FaceRecognitionApplicationTests in 7.212 seconds (process running for 8.059)
2024-10-07T14:38:40.362+01:00  INFO 45762 --- [           main] c.b.F.helper.InitializeBeans             : Setting up application...
2024-10-07T14:38:40.363+01:00  INFO 45762 --- [           main] c.b.F.helper.InitializeBeans             : Setting up Super Admin...
2024-10-07T14:38:40.477+01:00  INFO 45762 --- [           main] c.b.F.s.a.ApplicationUserService         : Finding user with ID: 0001
2024-10-07T14:38:40.538+01:00  INFO 45762 --- [           main] c.b.F.helper.InitializeBeans             : Super Admin setup complete.
2024-10-07T14:38:40.539+01:00  INFO 45762 --- [           main] c.b.F.helper.InitializeBeans             : Application setup complete.
]]></system-out>
    <system-err><![CDATA[WARNING: A Java agent has been loaded dynamically (/home/omotola-david-ayanfeoluwa/.m2/repository/net/bytebuddy/byte-buddy-agent/1.14.10/byte-buddy-agent-1.14.10.jar)
WARNING: If a serviceability tool is in use, please run with -XX:+EnableDynamicAgentLoading to hide this warning
WARNING: If a serviceability tool is not in use, please run with -Djdk.instrument.traceUsage for more information
WARNING: Dynamic loading of agents will be disallowed by default in a future release
]]></system-err>
  </testcase>
</testsuite>